<?xml version="1.0" encoding="UTF-8"?>
<testsuites name="Mocha Tests" time="6.9340" tests="7" failures="0">
  <testsuite name="Root Suite" timestamp="2022-09-15T09:33:46" tests="0" time="0.0000" failures="0">
  </testsuite>
  <testsuite name="Store" timestamp="2022-09-15T09:33:46" tests="0" file="C:\Users\ndtr2\Documents\Workstation\VAR\Code\Var-POC-Smart Contract\tests\store.spec.ts" time="0.0000" failures="0">
  </testsuite>
  <testsuite name="Deployment" timestamp="2022-09-15T09:33:46" tests="1" file="C:\Users\ndtr2\Documents\Workstation\VAR\Code\Var-POC-Smart Contract\tests\store.spec.ts" time="4.8960" failures="0">
    <testcase name="Store Deployment Should deploy successfully" time="0.0720" classname="Should deploy successfully">
    </testcase>
  </testsuite>
  <testsuite name="Whitelist NFT" timestamp="2022-09-15T09:33:51" tests="3" file="C:\Users\ndtr2\Documents\Workstation\VAR\Code\Var-POC-Smart Contract\tests\store.spec.ts" time="0.9320" failures="0">
    <testcase name="Store Whitelist NFT Should catch error Invalid length" time="0.0700" classname="Should catch error Invalid length">
    </testcase>
    <testcase name="Store Whitelist NFT Should catch error Invalid length" time="0.0220" classname="Should catch error Invalid length">
    </testcase>
    <testcase name="Store Whitelist NFT Should whitelist NFT successfully" time="0.0360" classname="Should whitelist NFT successfully">
    </testcase>
  </testsuite>
  <testsuite name="Mint shirt" timestamp="2022-09-15T09:33:52" tests="1" file="C:\Users\ndtr2\Documents\Workstation\VAR\Code\Var-POC-Smart Contract\tests\store.spec.ts" time="0.3670" failures="0">
    <testcase name="Store Mint shirt Should mint successfully" time="0.1100" classname="Should mint successfully">
    </testcase>
  </testsuite>
  <testsuite name="Withdraw" timestamp="2022-09-15T09:33:52" tests="2" file="C:\Users\ndtr2\Documents\Workstation\VAR\Code\Var-POC-Smart Contract\tests\store.spec.ts" time="0.7170" failures="0">
    <testcase name="Store Withdraw Should withdraw successfully" time="0.0410" classname="Should withdraw successfully">
    </testcase>
    <testcase name="Store Withdraw Should withdraw shirt fee successfully" time="0.0340" classname="Should withdraw shirt fee successfully">
    </testcase>
  </testsuite>
</testsuites>